\BOOKMARK [0][-]{chapter.1}{\376\377\0001\000\040\000C\000l\000a\000s\000s\000\040\000I\000n\000d\000e\000x}{}% 1
\BOOKMARK [1][-]{section.1.1}{\376\377\0001\000.\0001\000\040\000C\000l\000a\000s\000s\000\040\000L\000i\000s\000t}{chapter.1}% 2
\BOOKMARK [0][-]{chapter.2}{\376\377\0002\000\040\000C\000l\000a\000s\000s\000\040\000D\000o\000c\000u\000m\000e\000n\000t\000a\000t\000i\000o\000n}{}% 3
\BOOKMARK [1][-]{section.2.1}{\376\377\0002\000.\0001\000\040\000M\000o\000n\000g\000o\000o\000s\000e\000:\000:\000c\000s\000\137\000d\000m\000p\000e\000r\000m\000\137\000r\000e\000s\000u\000l\000t\000s\000\040\000S\000t\000r\000u\000c\000t\000\040\000R\000e\000f\000e\000r\000e\000n\000c\000e}{chapter.2}% 4
\BOOKMARK [1][-]{section.2.2}{\376\377\0002\000.\0002\000\040\000M\000o\000n\000g\000o\000o\000s\000e\000:\000:\000c\000s\000\137\000s\000p\000a\000r\000s\000e\000\040\000S\000t\000r\000u\000c\000t\000\040\000R\000e\000f\000e\000r\000e\000n\000c\000e}{chapter.2}% 5
\BOOKMARK [1][-]{section.2.3}{\376\377\0002\000.\0003\000\040\000M\000o\000n\000g\000o\000o\000s\000e\000:\000:\000C\000u\000t\000C\000o\000s\000t\000\040\000S\000t\000r\000u\000c\000t\000\040\000R\000e\000f\000e\000r\000e\000n\000c\000e}{chapter.2}% 6
\BOOKMARK [1][-]{section.2.4}{\376\377\0002\000.\0004\000\040\000M\000o\000n\000g\000o\000o\000s\000e\000:\000:\000G\000r\000a\000p\000h\000\040\000C\000l\000a\000s\000s\000\040\000R\000e\000f\000e\000r\000e\000n\000c\000e}{chapter.2}% 7
\BOOKMARK [2][-]{subsection.2.4.1}{\376\377\0002\000.\0004\000.\0001\000\040\000M\000e\000m\000b\000e\000r\000\040\000D\000a\000t\000a\000\040\000D\000o\000c\000u\000m\000e\000n\000t\000a\000t\000i\000o\000n}{section.2.4}% 8
\BOOKMARK [3][-]{subsubsection.2.4.1.1}{\376\377\0002\000.\0004\000.\0001\000.\0001\000\040\000c\000s\000n}{subsection.2.4.1}% 9
\BOOKMARK [3][-]{subsubsection.2.4.1.2}{\376\377\0002\000.\0004\000.\0001\000.\0002\000\040\000h\000e\000u\000C\000o\000s\000t}{subsection.2.4.1}% 10
\BOOKMARK [3][-]{subsubsection.2.4.1.3}{\376\377\0002\000.\0004\000.\0001\000.\0003\000\040\000m\000a\000r\000k}{subsection.2.4.1}% 11
\BOOKMARK [3][-]{subsubsection.2.4.1.4}{\376\377\0002\000.\0004\000.\0001\000.\0004\000\040\000n}{subsection.2.4.1}% 12
\BOOKMARK [3][-]{subsubsection.2.4.1.5}{\376\377\0002\000.\0004\000.\0001\000.\0005\000\040\000p\000a\000r\000e\000n\000t}{subsection.2.4.1}% 13
\BOOKMARK [3][-]{subsubsection.2.4.1.6}{\376\377\0002\000.\0004\000.\0001\000.\0006\000\040\000p\000a\000r\000t\000i\000t\000i\000o\000n}{subsection.2.4.1}% 14
\BOOKMARK [1][-]{section.2.5}{\376\377\0002\000.\0005\000\040\000M\000o\000n\000g\000o\000o\000s\000e\000:\000:\000O\000p\000t\000i\000o\000n\000s\000\040\000S\000t\000r\000u\000c\000t\000\040\000R\000e\000f\000e\000r\000e\000n\000c\000e}{chapter.2}% 15
\BOOKMARK [2][-]{subsection.2.5.1}{\376\377\0002\000.\0005\000.\0001\000\040\000M\000e\000m\000b\000e\000r\000\040\000D\000a\000t\000a\000\040\000D\000o\000c\000u\000m\000e\000n\000t\000a\000t\000i\000o\000n}{section.2.5}% 16
\BOOKMARK [3][-]{subsubsection.2.5.1.1}{\376\377\0002\000.\0005\000.\0001\000.\0001\000\040\000c\000o\000a\000r\000s\000e\000n\000L\000i\000m\000i\000t}{subsection.2.5.1}% 17
\BOOKMARK [3][-]{subsubsection.2.5.1.2}{\376\377\0002\000.\0005\000.\0001\000.\0002\000\040\000d\000o\000E\000x\000p\000e\000n\000s\000i\000v\000e\000C\000h\000e\000c\000k\000s}{subsection.2.5.1}% 18
\BOOKMARK [3][-]{subsubsection.2.5.1.3}{\376\377\0002\000.\0005\000.\0001\000.\0003\000\040\000g\000u\000e\000s\000s\000C\000u\000t\000T\000y\000p\000e}{subsection.2.5.1}% 19
\BOOKMARK [3][-]{subsubsection.2.5.1.4}{\376\377\0002\000.\0005\000.\0001\000.\0004\000\040\000n\000u\000m\000D\000a\000n\000c\000e\000s}{subsection.2.5.1}% 20
\BOOKMARK [3][-]{subsubsection.2.5.1.5}{\376\377\0002\000.\0005\000.\0001\000.\0005\000\040\000t\000a\000r\000g\000e\000t\000S\000p\000l\000i\000t}{subsection.2.5.1}% 21
\BOOKMARK [1][-]{section.2.6}{\376\377\0002\000.\0006\000\040\000M\000o\000n\000g\000o\000o\000s\000e\000:\000:\000Q\000P\000D\000e\000l\000t\000a\000\040\000C\000l\000a\000s\000s\000\040\000R\000e\000f\000e\000r\000e\000n\000c\000e}{chapter.2}% 22
\BOOKMARK [1][-]{section.2.7}{\376\377\0002\000.\0007\000\040\000M\000o\000n\000g\000o\000o\000s\000e\000:\000:\000S\000w\000a\000p\000C\000a\000n\000d\000i\000d\000a\000t\000e\000\040\000S\000t\000r\000u\000c\000t\000\040\000R\000e\000f\000e\000r\000e\000n\000c\000e}{chapter.2}% 23
\BOOKMARK [0][-]{section*.12}{\376\377\000I\000n\000d\000e\000x}{}% 24
